2025-09-08 10:53:56 [scrapy.utils.log] INFO: Scrapy 2.13.3 started (bot: expedia_scraper)
2025-09-08 10:53:56 [scrapy.utils.log] INFO: Versions:
{'lxml': '6.0.1',
 'libxml2': '2.11.9',
 'cssselect': '1.3.0',
 'parsel': '1.10.0',
 'w3lib': '2.3.1',
 'Twisted': '25.5.0',
 'Python': '3.12.7 (tags/v3.12.7:0b05ead, Oct  1 2024, 03:06:41) [MSC v.1941 '
           '64 bit (AMD64)]',
 'pyOpenSSL': '25.1.0 (OpenSSL 3.5.2 5 Aug 2025)',
 'cryptography': '45.0.7',
 'Platform': 'Windows-11-10.0.22631-SP0'}
2025-09-08 10:54:11 [scrapy.utils.log] INFO: Scrapy 2.13.3 started (bot: expedia_scraper)
2025-09-08 10:54:11 [scrapy.utils.log] INFO: Versions:
{'lxml': '6.0.1',
 'libxml2': '2.11.9',
 'cssselect': '1.3.0',
 'parsel': '1.10.0',
 'w3lib': '2.3.1',
 'Twisted': '25.5.0',
 'Python': '3.12.7 (tags/v3.12.7:0b05ead, Oct  1 2024, 03:06:41) [MSC v.1941 '
           '64 bit (AMD64)]',
 'pyOpenSSL': '25.1.0 (OpenSSL 3.5.2 5 Aug 2025)',
 'cryptography': '45.0.7',
 'Platform': 'Windows-11-10.0.22631-SP0'}
2025-09-08 10:54:11 [scrapy.addons] INFO: Enabled addons:
[]
2025-09-08 10:54:11 [py.warnings] WARNING: C:\Users\Jael Alonso\Documents\expedia_sm\venv\Lib\site-packages\scrapy\utils\request.py:120: ScrapyDeprecationWarning: 'REQUEST_FINGERPRINTER_IMPLEMENTATION' is a deprecated setting.
It will be removed in a future version of Scrapy.
  return cls(crawler)

2025-09-08 10:54:11 [asyncio] DEBUG: Using selector: SelectSelector
2025-09-08 10:54:11 [scrapy.utils.log] DEBUG: Using reactor: twisted.internet.asyncioreactor.AsyncioSelectorReactor
2025-09-08 10:54:11 [scrapy.utils.log] DEBUG: Using asyncio event loop: asyncio.windows_events._WindowsSelectorEventLoop
2025-09-08 10:54:11 [scrapy.extensions.telnet] INFO: Telnet Password: 9b472606f46fbf19
2025-09-08 10:54:11 [scrapy.middleware] INFO: Enabled extensions:
['scrapy.extensions.corestats.CoreStats',
 'scrapy.extensions.telnet.TelnetConsole',
 'scrapy.extensions.feedexport.FeedExporter',
 'scrapy.extensions.logstats.LogStats',
 'scrapy.extensions.throttle.AutoThrottle']
2025-09-08 10:54:11 [scrapy.crawler] INFO: Overridden settings:
{'AUTOTHROTTLE_ENABLED': True,
 'AUTOTHROTTLE_TARGET_CONCURRENCY': 0.5,
 'BOT_NAME': 'expedia_scraper',
 'CONCURRENT_REQUESTS': 1,
 'CONCURRENT_REQUESTS_PER_DOMAIN': 1,
 'COOKIES_ENABLED': False,
 'DOWNLOAD_DELAY': 5,
 'DOWNLOAD_TIMEOUT': 60,
 'FEED_EXPORT_ENCODING': 'utf-8',
 'HTTPCACHE_IGNORE_HTTP_CODES': [500, 502, 503, 504, 403, 404, 408, 429],
 'LOG_FILE': 'scrapy.log',
 'NEWSPIDER_MODULE': 'expedia_scraper.spiders',
 'REQUEST_FINGERPRINTER_IMPLEMENTATION': '2.7',
 'RETRY_HTTP_CODES': [500, 502, 503, 504, 522, 524, 408, 429, 403],
 'RETRY_TIMES': 3,
 'SPIDER_MODULES': ['expedia_scraper.spiders'],
 'USER_AGENT': 'Mozilla/5.0 (Windows NT 10.0; Win64; x64) AppleWebKit/537.36 '
               '(KHTML, like Gecko) Chrome/96.0.4664.110 Safari/537.36'}
2025-09-08 10:54:12 [scrapy.middleware] WARNING: Disabled scrapy_selenium.SeleniumMiddleware: SELENIUM_DRIVER_NAME and SELENIUM_DRIVER_EXECUTABLE_PATH must be set
2025-09-08 10:54:12 [scrapy.middleware] INFO: Enabled downloader middlewares:
['scrapy.downloadermiddlewares.offsite.OffsiteMiddleware',
 'scrapy.downloadermiddlewares.httpauth.HttpAuthMiddleware',
 'scrapy.downloadermiddlewares.downloadtimeout.DownloadTimeoutMiddleware',
 'scrapy.downloadermiddlewares.defaultheaders.DefaultHeadersMiddleware',
 'scrapy.downloadermiddlewares.redirect.MetaRefreshMiddleware',
 'scrapy.downloadermiddlewares.httpcompression.HttpCompressionMiddleware',
 'scrapy.downloadermiddlewares.redirect.RedirectMiddleware',
 'scrapy.downloadermiddlewares.httpproxy.HttpProxyMiddleware',
 'scrapy.downloadermiddlewares.stats.DownloaderStats',
 'scrapy.downloadermiddlewares.retry.RetryMiddleware']
2025-09-08 10:54:12 [scrapy.middleware] INFO: Enabled spider middlewares:
['scrapy.spidermiddlewares.start.StartSpiderMiddleware',
 'scrapy.spidermiddlewares.httperror.HttpErrorMiddleware',
 'scrapy.spidermiddlewares.referer.RefererMiddleware',
 'scrapy.spidermiddlewares.urllength.UrlLengthMiddleware',
 'scrapy.spidermiddlewares.depth.DepthMiddleware']
2025-09-08 10:54:12 [scrapy.middleware] INFO: Enabled item pipelines:
[]
2025-09-08 10:54:12 [scrapy.core.engine] INFO: Spider opened
2025-09-08 10:54:12 [py.warnings] WARNING: C:\Users\Jael Alonso\Documents\expedia_sm\venv\Lib\site-packages\scrapy\core\spidermw.py:433: ScrapyDeprecationWarning: expedia_scraper.spiders.expedia.ExpediaSpider defines the deprecated start_requests() method. start_requests() has been deprecated in favor of a new method, start(), to support asynchronous code execution. start_requests() will stop being called in a future version of Scrapy. If you use Scrapy 2.13 or higher only, replace start_requests() with start(); note that start() is a coroutine (async def). If you need to maintain compatibility with lower Scrapy versions, when overriding start_requests() in a spider class, override start() as well; you can use super() to reuse the inherited start() implementation without copy-pasting. See the release notes of Scrapy 2.13 for details: https://docs.scrapy.org/en/2.13/news.html
  warn(

2025-09-08 10:54:12 [scrapy.extensions.logstats] INFO: Crawled 0 pages (at 0 pages/min), scraped 0 items (at 0 items/min)
2025-09-08 10:54:12 [scrapy.extensions.telnet] INFO: Telnet console listening on 127.0.0.1:6023
2025-09-08 10:54:12 [scrapy.downloadermiddlewares.retry] DEBUG: Retrying <GET https://www.expedia.com/Hotel-Search?destination=Oaxaca%2C+Oaxaca%2C+Mexico&startDate=2025-09-09&endDate=2025-09-10&adults=1&rooms=1&sort=RECOMMENDED> (failed 1 times): 403 Forbidden
2025-09-08 10:54:19 [scrapy.downloadermiddlewares.retry] DEBUG: Retrying <GET https://www.expedia.com/Hotel-Search?destination=Oaxaca%2C+Oaxaca%2C+Mexico&startDate=2025-09-09&endDate=2025-09-10&adults=1&rooms=1&sort=RECOMMENDED> (failed 2 times): 403 Forbidden
2025-09-08 10:54:24 [scrapy.downloadermiddlewares.retry] DEBUG: Retrying <GET https://www.expedia.com/Hotel-Search?destination=Oaxaca%2C+Oaxaca%2C+Mexico&startDate=2025-09-09&endDate=2025-09-10&adults=1&rooms=1&sort=RECOMMENDED> (failed 3 times): 403 Forbidden
2025-09-08 10:54:31 [scrapy.downloadermiddlewares.retry] ERROR: Gave up retrying <GET https://www.expedia.com/Hotel-Search?destination=Oaxaca%2C+Oaxaca%2C+Mexico&startDate=2025-09-09&endDate=2025-09-10&adults=1&rooms=1&sort=RECOMMENDED> (failed 4 times): 403 Forbidden
2025-09-08 10:54:31 [scrapy.core.engine] DEBUG: Crawled (403) <GET https://www.expedia.com/Hotel-Search?destination=Oaxaca%2C+Oaxaca%2C+Mexico&startDate=2025-09-09&endDate=2025-09-10&adults=1&rooms=1&sort=RECOMMENDED> (referer: None)
2025-09-08 10:54:31 [scrapy.spidermiddlewares.httperror] INFO: Ignoring response <403 https://www.expedia.com/Hotel-Search?destination=Oaxaca%2C+Oaxaca%2C+Mexico&startDate=2025-09-09&endDate=2025-09-10&adults=1&rooms=1&sort=RECOMMENDED>: HTTP status code is not handled or not allowed
2025-09-08 10:54:31 [scrapy.core.engine] INFO: Closing spider (finished)
2025-09-08 10:54:31 [scrapy.extensions.feedexport] INFO: Stored json feed (0 items) in: expedia.json
2025-09-08 10:54:31 [scrapy.statscollectors] INFO: Dumping Scrapy stats:
{'downloader/request_bytes': 1868,
 'downloader/request_count': 4,
 'downloader/request_method_count/GET': 4,
 'downloader/response_bytes': 3490,
 'downloader/response_count': 1,
 'downloader/response_status_count/403': 1,
 'elapsed_time_seconds': 19.301386,
 'feedexport/success_count/FileFeedStorage': 1,
 'finish_reason': 'finished',
 'finish_time': datetime.datetime(2025, 9, 8, 16, 54, 31, 475841, tzinfo=datetime.timezone.utc),
 'httperror/response_ignored_count': 1,
 'httperror/response_ignored_status_count/403': 1,
 'items_per_minute': 0.0,
 'log_count/DEBUG': 7,
 'log_count/ERROR': 1,
 'log_count/INFO': 12,
 'log_count/WARNING': 3,
 'response_received_count': 1,
 'responses_per_minute': 3.1578947368421053,
 'retry/count': 3,
 'retry/max_reached': 1,
 'retry/reason_count/403 Forbidden': 3,
 'scheduler/dequeued': 4,
 'scheduler/dequeued/memory': 4,
 'scheduler/enqueued': 4,
 'scheduler/enqueued/memory': 4,
 'start_time': datetime.datetime(2025, 9, 8, 16, 54, 12, 174455, tzinfo=datetime.timezone.utc)}
2025-09-08 10:54:31 [scrapy.core.engine] INFO: Spider closed (finished)
2025-09-08 11:00:05 [scrapy.utils.log] INFO: Scrapy 2.13.3 started (bot: expedia_scraper)
2025-09-08 11:00:05 [scrapy.utils.log] INFO: Versions:
{'lxml': '6.0.1',
 'libxml2': '2.11.9',
 'cssselect': '1.3.0',
 'parsel': '1.10.0',
 'w3lib': '2.3.1',
 'Twisted': '25.5.0',
 'Python': '3.12.7 (tags/v3.12.7:0b05ead, Oct  1 2024, 03:06:41) [MSC v.1941 '
           '64 bit (AMD64)]',
 'pyOpenSSL': '25.1.0 (OpenSSL 3.5.2 5 Aug 2025)',
 'cryptography': '45.0.7',
 'Platform': 'Windows-11-10.0.22631-SP0'}
2025-09-08 11:00:05 [scrapy.addons] INFO: Enabled addons:
[]
2025-09-08 11:00:05 [py.warnings] WARNING: C:\Users\Jael Alonso\Documents\expedia_sm\venv\Lib\site-packages\scrapy\utils\request.py:120: ScrapyDeprecationWarning: 'REQUEST_FINGERPRINTER_IMPLEMENTATION' is a deprecated setting.
It will be removed in a future version of Scrapy.
  return cls(crawler)

2025-09-08 11:00:05 [asyncio] DEBUG: Using selector: SelectSelector
2025-09-08 11:00:05 [scrapy.utils.log] DEBUG: Using reactor: twisted.internet.asyncioreactor.AsyncioSelectorReactor
2025-09-08 11:00:05 [scrapy.utils.log] DEBUG: Using asyncio event loop: asyncio.windows_events._WindowsSelectorEventLoop
2025-09-08 11:00:05 [scrapy.extensions.telnet] INFO: Telnet Password: e9eb35c12581c91e
2025-09-08 11:00:05 [scrapy.middleware] INFO: Enabled extensions:
['scrapy.extensions.corestats.CoreStats',
 'scrapy.extensions.telnet.TelnetConsole',
 'scrapy.extensions.feedexport.FeedExporter',
 'scrapy.extensions.logstats.LogStats',
 'scrapy.extensions.throttle.AutoThrottle']
2025-09-08 11:00:05 [scrapy.crawler] INFO: Overridden settings:
{'AUTOTHROTTLE_ENABLED': True,
 'AUTOTHROTTLE_TARGET_CONCURRENCY': 0.5,
 'BOT_NAME': 'expedia_scraper',
 'CONCURRENT_REQUESTS': 1,
 'CONCURRENT_REQUESTS_PER_DOMAIN': 1,
 'COOKIES_ENABLED': False,
 'DOWNLOAD_DELAY': 5,
 'DOWNLOAD_TIMEOUT': 60,
 'FEED_EXPORT_ENCODING': 'utf-8',
 'HTTPCACHE_IGNORE_HTTP_CODES': [500, 502, 503, 504, 403, 404, 408, 429],
 'LOG_FILE': 'scrapy.log',
 'NEWSPIDER_MODULE': 'expedia_scraper.spiders',
 'REQUEST_FINGERPRINTER_IMPLEMENTATION': '2.7',
 'RETRY_HTTP_CODES': [500, 502, 503, 504, 522, 524, 408, 429, 403],
 'RETRY_TIMES': 3,
 'SPIDER_MODULES': ['expedia_scraper.spiders'],
 'USER_AGENT': 'Mozilla/5.0 (Windows NT 10.0; Win64; x64) AppleWebKit/537.36 '
               '(KHTML, like Gecko) Chrome/96.0.4664.110 Safari/537.36'}
2025-09-08 11:00:05 [scrapy.middleware] WARNING: Disabled scrapy_selenium.SeleniumMiddleware: SELENIUM_DRIVER_NAME and SELENIUM_DRIVER_EXECUTABLE_PATH must be set
2025-09-08 11:00:05 [scrapy.middleware] INFO: Enabled downloader middlewares:
['scrapy.downloadermiddlewares.offsite.OffsiteMiddleware',
 'scrapy.downloadermiddlewares.httpauth.HttpAuthMiddleware',
 'scrapy.downloadermiddlewares.downloadtimeout.DownloadTimeoutMiddleware',
 'scrapy.downloadermiddlewares.defaultheaders.DefaultHeadersMiddleware',
 'scrapy.downloadermiddlewares.redirect.MetaRefreshMiddleware',
 'scrapy.downloadermiddlewares.httpcompression.HttpCompressionMiddleware',
 'scrapy.downloadermiddlewares.redirect.RedirectMiddleware',
 'scrapy.downloadermiddlewares.httpproxy.HttpProxyMiddleware',
 'scrapy.downloadermiddlewares.stats.DownloaderStats',
 'scrapy.downloadermiddlewares.retry.RetryMiddleware']
2025-09-08 11:00:05 [scrapy.middleware] INFO: Enabled spider middlewares:
['scrapy.spidermiddlewares.start.StartSpiderMiddleware',
 'scrapy.spidermiddlewares.httperror.HttpErrorMiddleware',
 'scrapy.spidermiddlewares.referer.RefererMiddleware',
 'scrapy.spidermiddlewares.urllength.UrlLengthMiddleware',
 'scrapy.spidermiddlewares.depth.DepthMiddleware']
2025-09-08 11:00:05 [scrapy.middleware] INFO: Enabled item pipelines:
[]
2025-09-08 11:00:05 [scrapy.core.engine] INFO: Spider opened
2025-09-08 11:00:05 [py.warnings] WARNING: C:\Users\Jael Alonso\Documents\expedia_sm\venv\Lib\site-packages\scrapy\core\spidermw.py:433: ScrapyDeprecationWarning: expedia_scraper.spiders.expedia.ExpediaSpider defines the deprecated start_requests() method. start_requests() has been deprecated in favor of a new method, start(), to support asynchronous code execution. start_requests() will stop being called in a future version of Scrapy. If you use Scrapy 2.13 or higher only, replace start_requests() with start(); note that start() is a coroutine (async def). If you need to maintain compatibility with lower Scrapy versions, when overriding start_requests() in a spider class, override start() as well; you can use super() to reuse the inherited start() implementation without copy-pasting. See the release notes of Scrapy 2.13 for details: https://docs.scrapy.org/en/2.13/news.html
  warn(

2025-09-08 11:00:05 [scrapy.extensions.logstats] INFO: Crawled 0 pages (at 0 pages/min), scraped 0 items (at 0 items/min)
2025-09-08 11:00:05 [scrapy.extensions.telnet] INFO: Telnet console listening on 127.0.0.1:6023
2025-09-08 11:00:06 [scrapy.downloadermiddlewares.retry] DEBUG: Retrying <GET https://www.expedia.com/Hotel-Search?destination=Oaxaca%2C+Oaxaca%2C+Mexico&startDate=2025-09-09&endDate=2025-09-10&adults=1&rooms=1&sort=RECOMMENDED> (failed 1 times): 403 Forbidden
2025-09-08 11:00:10 [scrapy.downloadermiddlewares.retry] DEBUG: Retrying <GET https://www.expedia.com/Hotel-Search?destination=Oaxaca%2C+Oaxaca%2C+Mexico&startDate=2025-09-09&endDate=2025-09-10&adults=1&rooms=1&sort=RECOMMENDED> (failed 2 times): 403 Forbidden
2025-09-08 11:00:16 [scrapy.downloadermiddlewares.retry] DEBUG: Retrying <GET https://www.expedia.com/Hotel-Search?destination=Oaxaca%2C+Oaxaca%2C+Mexico&startDate=2025-09-09&endDate=2025-09-10&adults=1&rooms=1&sort=RECOMMENDED> (failed 3 times): 403 Forbidden
2025-09-08 11:00:23 [scrapy.downloadermiddlewares.retry] ERROR: Gave up retrying <GET https://www.expedia.com/Hotel-Search?destination=Oaxaca%2C+Oaxaca%2C+Mexico&startDate=2025-09-09&endDate=2025-09-10&adults=1&rooms=1&sort=RECOMMENDED> (failed 4 times): 403 Forbidden
2025-09-08 11:00:23 [scrapy.core.engine] DEBUG: Crawled (403) <GET https://www.expedia.com/Hotel-Search?destination=Oaxaca%2C+Oaxaca%2C+Mexico&startDate=2025-09-09&endDate=2025-09-10&adults=1&rooms=1&sort=RECOMMENDED> (referer: None)
2025-09-08 11:00:23 [scrapy.spidermiddlewares.httperror] INFO: Ignoring response <403 https://www.expedia.com/Hotel-Search?destination=Oaxaca%2C+Oaxaca%2C+Mexico&startDate=2025-09-09&endDate=2025-09-10&adults=1&rooms=1&sort=RECOMMENDED>: HTTP status code is not handled or not allowed
2025-09-08 11:00:23 [scrapy.core.engine] INFO: Closing spider (finished)
2025-09-08 11:00:23 [scrapy.extensions.feedexport] INFO: Stored json feed (0 items) in: resultados.json
2025-09-08 11:00:23 [scrapy.statscollectors] INFO: Dumping Scrapy stats:
{'downloader/request_bytes': 1868,
 'downloader/request_count': 4,
 'downloader/request_method_count/GET': 4,
 'downloader/response_bytes': 3520,
 'downloader/response_count': 1,
 'downloader/response_status_count/403': 1,
 'elapsed_time_seconds': 17.47041,
 'feedexport/success_count/FileFeedStorage': 1,
 'finish_reason': 'finished',
 'finish_time': datetime.datetime(2025, 9, 8, 17, 0, 23, 369265, tzinfo=datetime.timezone.utc),
 'httperror/response_ignored_count': 1,
 'httperror/response_ignored_status_count/403': 1,
 'items_per_minute': 0.0,
 'log_count/DEBUG': 7,
 'log_count/ERROR': 1,
 'log_count/INFO': 12,
 'log_count/WARNING': 3,
 'response_received_count': 1,
 'responses_per_minute': 3.5294117647058822,
 'retry/count': 3,
 'retry/max_reached': 1,
 'retry/reason_count/403 Forbidden': 3,
 'scheduler/dequeued': 4,
 'scheduler/dequeued/memory': 4,
 'scheduler/enqueued': 4,
 'scheduler/enqueued/memory': 4,
 'start_time': datetime.datetime(2025, 9, 8, 17, 0, 5, 898855, tzinfo=datetime.timezone.utc)}
2025-09-08 11:00:23 [scrapy.core.engine] INFO: Spider closed (finished)
2025-09-08 11:00:35 [scrapy.utils.log] INFO: Scrapy 2.13.3 started (bot: expedia_scraper)
2025-09-08 11:00:35 [scrapy.utils.log] INFO: Versions:
{'lxml': '6.0.1',
 'libxml2': '2.11.9',
 'cssselect': '1.3.0',
 'parsel': '1.10.0',
 'w3lib': '2.3.1',
 'Twisted': '25.5.0',
 'Python': '3.12.7 (tags/v3.12.7:0b05ead, Oct  1 2024, 03:06:41) [MSC v.1941 '
           '64 bit (AMD64)]',
 'pyOpenSSL': '25.1.0 (OpenSSL 3.5.2 5 Aug 2025)',
 'cryptography': '45.0.7',
 'Platform': 'Windows-11-10.0.22631-SP0'}
2025-09-08 11:00:35 [scrapy.addons] INFO: Enabled addons:
[]
2025-09-08 11:00:35 [py.warnings] WARNING: C:\Users\Jael Alonso\Documents\expedia_sm\venv\Lib\site-packages\scrapy\utils\request.py:120: ScrapyDeprecationWarning: 'REQUEST_FINGERPRINTER_IMPLEMENTATION' is a deprecated setting.
It will be removed in a future version of Scrapy.
  return cls(crawler)

2025-09-08 11:00:35 [scrapy.extensions.telnet] INFO: Telnet Password: 3e8f9f786dc785db
2025-09-08 11:00:35 [scrapy.middleware] INFO: Enabled extensions:
['scrapy.extensions.corestats.CoreStats',
 'scrapy.extensions.telnet.TelnetConsole',
 'scrapy.extensions.throttle.AutoThrottle']
2025-09-08 11:00:35 [scrapy.crawler] INFO: Overridden settings:
{'AUTOTHROTTLE_ENABLED': True,
 'AUTOTHROTTLE_TARGET_CONCURRENCY': 0.5,
 'BOT_NAME': 'expedia_scraper',
 'CONCURRENT_REQUESTS': 1,
 'CONCURRENT_REQUESTS_PER_DOMAIN': 1,
 'COOKIES_ENABLED': False,
 'DOWNLOAD_DELAY': 5,
 'DOWNLOAD_TIMEOUT': 60,
 'DUPEFILTER_CLASS': 'scrapy.dupefilters.BaseDupeFilter',
 'FEED_EXPORT_ENCODING': 'utf-8',
 'HTTPCACHE_IGNORE_HTTP_CODES': [500, 502, 503, 504, 403, 404, 408, 429],
 'LOGSTATS_INTERVAL': 0,
 'LOG_FILE': 'scrapy.log',
 'LOG_LEVEL': 'INFO',
 'NEWSPIDER_MODULE': 'expedia_scraper.spiders',
 'REQUEST_FINGERPRINTER_IMPLEMENTATION': '2.7',
 'RETRY_HTTP_CODES': [500, 502, 503, 504, 522, 524, 408, 429, 403],
 'RETRY_TIMES': 3,
 'SPIDER_MODULES': ['expedia_scraper.spiders'],
 'USER_AGENT': 'Mozilla/5.0 (Windows NT 10.0; Win64; x64) AppleWebKit/537.36 '
               '(KHTML, like Gecko) Chrome/96.0.4664.110 Safari/537.36'}
2025-09-08 11:00:35 [scrapy.middleware] WARNING: Disabled scrapy_selenium.SeleniumMiddleware: SELENIUM_DRIVER_NAME and SELENIUM_DRIVER_EXECUTABLE_PATH must be set
2025-09-08 11:00:35 [scrapy.middleware] INFO: Enabled downloader middlewares:
['scrapy.downloadermiddlewares.offsite.OffsiteMiddleware',
 'scrapy.downloadermiddlewares.httpauth.HttpAuthMiddleware',
 'scrapy.downloadermiddlewares.downloadtimeout.DownloadTimeoutMiddleware',
 'scrapy.downloadermiddlewares.defaultheaders.DefaultHeadersMiddleware',
 'scrapy.downloadermiddlewares.redirect.MetaRefreshMiddleware',
 'scrapy.downloadermiddlewares.httpcompression.HttpCompressionMiddleware',
 'scrapy.downloadermiddlewares.redirect.RedirectMiddleware',
 'scrapy.downloadermiddlewares.httpproxy.HttpProxyMiddleware',
 'scrapy.downloadermiddlewares.stats.DownloaderStats',
 'scrapy.downloadermiddlewares.retry.RetryMiddleware']
2025-09-08 11:00:35 [scrapy.middleware] INFO: Enabled spider middlewares:
['scrapy.spidermiddlewares.start.StartSpiderMiddleware',
 'scrapy.spidermiddlewares.httperror.HttpErrorMiddleware',
 'scrapy.spidermiddlewares.referer.RefererMiddleware',
 'scrapy.spidermiddlewares.urllength.UrlLengthMiddleware',
 'scrapy.spidermiddlewares.depth.DepthMiddleware']
2025-09-08 11:00:35 [scrapy.middleware] INFO: Enabled item pipelines:
[]
2025-09-08 11:00:35 [scrapy.extensions.telnet] INFO: Telnet console listening on 127.0.0.1:6023
2025-09-08 11:00:35 [scrapy.core.engine] INFO: Spider opened
2025-09-08 11:00:55 [scrapy.downloadermiddlewares.retry] ERROR: Gave up retrying <GET https://www.expedia.com/Hotel-Search?destination=Oaxaca%2C%20Oaxaca%2C%20Mexico&startDate=2025-09-09&endDate=2025-09-10&adults=1&rooms=1&sort=RECOMMENDED> (failed 4 times): 403 Forbidden
2025-09-08 11:08:31 [scrapy.utils.log] INFO: Scrapy 2.13.3 started (bot: expedia_scraper)
2025-09-08 11:08:31 [scrapy.utils.log] INFO: Versions:
{'lxml': '6.0.1',
 'libxml2': '2.11.9',
 'cssselect': '1.3.0',
 'parsel': '1.10.0',
 'w3lib': '2.3.1',
 'Twisted': '25.5.0',
 'Python': '3.12.7 (tags/v3.12.7:0b05ead, Oct  1 2024, 03:06:41) [MSC v.1941 '
           '64 bit (AMD64)]',
 'pyOpenSSL': '25.1.0 (OpenSSL 3.5.2 5 Aug 2025)',
 'cryptography': '45.0.7',
 'Platform': 'Windows-11-10.0.22631-SP0'}
2025-09-08 11:08:31 [scrapy.addons] INFO: Enabled addons:
[]
2025-09-08 11:08:31 [py.warnings] WARNING: C:\Users\Jael Alonso\Documents\expedia_sm\venv\Lib\site-packages\scrapy\utils\request.py:120: ScrapyDeprecationWarning: 'REQUEST_FINGERPRINTER_IMPLEMENTATION' is a deprecated setting.
It will be removed in a future version of Scrapy.
  return cls(crawler)

2025-09-08 11:08:31 [asyncio] DEBUG: Using selector: SelectSelector
2025-09-08 11:08:31 [scrapy.utils.log] DEBUG: Using reactor: twisted.internet.asyncioreactor.AsyncioSelectorReactor
2025-09-08 11:08:31 [scrapy.utils.log] DEBUG: Using asyncio event loop: asyncio.windows_events._WindowsSelectorEventLoop
2025-09-08 11:08:31 [scrapy.extensions.telnet] INFO: Telnet Password: 702fa35837cd4a77
2025-09-08 11:08:31 [scrapy.middleware] INFO: Enabled extensions:
['scrapy.extensions.corestats.CoreStats',
 'scrapy.extensions.telnet.TelnetConsole',
 'scrapy.extensions.feedexport.FeedExporter',
 'scrapy.extensions.logstats.LogStats',
 'scrapy.extensions.throttle.AutoThrottle']
2025-09-08 11:08:31 [scrapy.crawler] INFO: Overridden settings:
{'AUTOTHROTTLE_ENABLED': True,
 'AUTOTHROTTLE_MAX_DELAY': 90,
 'AUTOTHROTTLE_START_DELAY': 10,
 'AUTOTHROTTLE_TARGET_CONCURRENCY': 0.5,
 'BOT_NAME': 'expedia_scraper',
 'CONCURRENT_REQUESTS': 1,
 'CONCURRENT_REQUESTS_PER_DOMAIN': 1,
 'COOKIES_ENABLED': False,
 'DOWNLOAD_DELAY': 8,
 'DOWNLOAD_TIMEOUT': 60,
 'FEED_EXPORT_ENCODING': 'utf-8',
 'HTTPCACHE_IGNORE_HTTP_CODES': [500, 502, 503, 504, 403, 404, 408, 429],
 'LOG_FILE': 'scrapy.log',
 'NEWSPIDER_MODULE': 'expedia_scraper.spiders',
 'REQUEST_FINGERPRINTER_IMPLEMENTATION': '2.7',
 'RETRY_HTTP_CODES': [500, 502, 503, 504, 522, 524, 408, 429, 403],
 'RETRY_TIMES': 3,
 'SPIDER_MODULES': ['expedia_scraper.spiders'],
 'USER_AGENT': 'Mozilla/5.0 (Windows NT 10.0; Win64; x64) AppleWebKit/537.36 '
               '(KHTML, like Gecko) Chrome/120.0.0.0 Safari/537.36'}
2025-09-08 11:08:32 [scrapy_user_agents.user_agent_picker] WARNING: [UnsupportedBrowserType] Family: Android
2025-09-08 11:08:32 [scrapy_user_agents.user_agent_picker] WARNING: [UnsupportedDeviceType] Family: Other, Brand: None, Model: None
2025-09-08 11:08:32 [scrapy_user_agents.user_agent_picker] WARNING: [UnsupportedDeviceType] Family: Other, Brand: None, Model: None
2025-09-08 11:08:32 [scrapy_user_agents.user_agent_picker] WARNING: [UnsupportedDeviceType] Family: Other, Brand: None, Model: None
2025-09-08 11:08:32 [scrapy_user_agents.user_agent_picker] WARNING: [UnsupportedDeviceType] Family: Sony BDV13, Brand: Sony, Model: BDV13
2025-09-08 11:08:32 [scrapy_user_agents.user_agent_picker] WARNING: [UnsupportedDeviceType] Family: Nintendo DSi, Brand: Nintendo, Model: DSi
2025-09-08 11:08:32 [scrapy_user_agents.user_agent_picker] WARNING: [UnsupportedDeviceType] Family: Other, Brand: None, Model: None
2025-09-08 11:08:32 [scrapy_user_agents.user_agent_picker] WARNING: [UnsupportedBrowserType] Family: Other
2025-09-08 11:08:32 [scrapy_user_agents.user_agent_picker] WARNING: [UnsupportedDeviceType] Family: LYF F90M, Brand: LYF, Model: F90M
2025-09-08 11:08:32 [scrapy_user_agents.user_agent_picker] WARNING: [UnsupportedDeviceType] Family: Sony BDV14, Brand: Sony, Model: BDV14
2025-09-08 11:08:32 [scrapy_user_agents.user_agent_picker] WARNING: [UnsupportedDeviceType] Family: LG Web0S SmartTV, Brand: LG, Model: Web0S SmartTV
2025-09-08 11:08:32 [scrapy_user_agents.user_agent_picker] WARNING: [UnsupportedDeviceType] Family: Other, Brand: None, Model: None
2025-09-08 11:08:32 [scrapy_user_agents.user_agent_picker] WARNING: [UnsupportedDeviceType] Family: Other, Brand: None, Model: None
2025-09-08 11:08:32 [scrapy_user_agents.user_agent_picker] WARNING: [UnsupportedDeviceType] Family: Other, Brand: None, Model: None
2025-09-08 11:08:32 [scrapy_user_agents.user_agent_picker] WARNING: [UnsupportedDeviceType] Family: Other, Brand: None, Model: None
2025-09-08 11:08:32 [scrapy_user_agents.user_agent_picker] WARNING: [UnsupportedDeviceType] Family: Other, Brand: None, Model: None
2025-09-08 11:08:32 [scrapy_user_agents.user_agent_picker] WARNING: [UnsupportedDeviceType] Family: Other, Brand: None, Model: None
2025-09-08 11:08:32 [scrapy_user_agents.user_agent_picker] WARNING: [UnsupportedDeviceType] Family: Other, Brand: None, Model: None
2025-09-08 11:08:32 [scrapy_user_agents.user_agent_picker] WARNING: [UnsupportedDeviceType] Family: Sony BDV11, Brand: Sony, Model: BDV11
2025-09-08 11:08:32 [scrapy_user_agents.user_agent_picker] WARNING: [UnsupportedDeviceType] Family: Other, Brand: None, Model: None
2025-09-08 11:08:32 [scrapy_user_agents.user_agent_picker] WARNING: [UnsupportedDeviceType] Family: Other, Brand: None, Model: None
2025-09-08 11:08:32 [scrapy_user_agents.user_agent_picker] WARNING: [UnsupportedDeviceType] Family: Other, Brand: None, Model: None
2025-09-08 11:08:33 [scrapy_user_agents.user_agent_picker] WARNING: [UnsupportedDeviceType] Family: Other, Brand: None, Model: None
2025-09-08 11:08:33 [scrapy_user_agents.user_agent_picker] WARNING: [UnsupportedDeviceType] Family: Nintendo DSi, Brand: Nintendo, Model: DSi
2025-09-08 11:08:33 [scrapy_user_agents.user_agent_picker] WARNING: [UnsupportedDeviceType] Family: LYF LF-2403N, Brand: LYF, Model: LF-2403N
2025-09-08 11:08:33 [scrapy_user_agents.user_agent_picker] WARNING: [UnsupportedDeviceType] Family: LYF F90M, Brand: LYF, Model: F90M
2025-09-08 11:08:33 [scrapy_user_agents.user_agent_picker] WARNING: [UnsupportedDeviceType] Family: Other, Brand: None, Model: None
2025-09-08 11:08:33 [scrapy_user_agents.user_agent_picker] WARNING: [UnsupportedDeviceType] Family: Other, Brand: None, Model: None
2025-09-08 11:08:33 [scrapy_user_agents.user_agent_picker] WARNING: [UnsupportedBrowserType] Family: Applebot
2025-09-08 11:08:33 [scrapy_user_agents.user_agent_picker] WARNING: [UnsupportedDeviceType] Family: Other, Brand: None, Model: None
2025-09-08 11:08:33 [scrapy_user_agents.user_agent_picker] WARNING: [UnsupportedBrowserType] Family: Applebot
2025-09-08 11:08:33 [scrapy_user_agents.user_agent_picker] WARNING: [UnsupportedBrowserType] Family: Other
2025-09-08 11:08:33 [scrapy_user_agents.user_agent_picker] WARNING: [UnsupportedBrowserType] Family: Other
2025-09-08 11:08:33 [scrapy_user_agents.user_agent_picker] WARNING: [UnsupportedBrowserType] Family: PhantomJS
2025-09-08 11:08:33 [scrapy_user_agents.user_agent_picker] WARNING: [UnsupportedBrowserType] Family: SMTBot
2025-09-08 11:08:33 [scrapy_user_agents.user_agent_picker] WARNING: [UnsupportedBrowserType] Family: PhantomJS
2025-09-08 11:08:33 [scrapy_user_agents.user_agent_picker] WARNING: [UnsupportedBrowserType] Family: PhantomJS
2025-09-08 11:08:33 [scrapy_user_agents.user_agent_picker] WARNING: [UnsupportedBrowserType] Family: WebKit Nightly
2025-09-08 11:08:33 [scrapy_user_agents.user_agent_picker] WARNING: [UnsupportedBrowserType] Family: PhantomJS
2025-09-08 11:08:33 [scrapy_user_agents.user_agent_picker] WARNING: [UnsupportedDeviceType] Family: Other, Brand: None, Model: None
2025-09-08 11:08:34 [scrapy_user_agents.user_agent_picker] WARNING: [UnsupportedBrowserType] Family: PhantomJS
2025-09-08 11:08:34 [scrapy_user_agents.user_agent_picker] WARNING: [UnsupportedBrowserType] Family: PhantomJS
2025-09-08 11:08:34 [scrapy_user_agents.user_agent_picker] WARNING: [UnsupportedBrowserType] Family: Robot
2025-09-08 11:08:34 [scrapy_user_agents.user_agent_picker] WARNING: [UnsupportedDeviceType] Family: Other, Brand: None, Model: None
2025-09-08 11:08:34 [scrapy_user_agents.user_agent_picker] WARNING: [UnsupportedBrowserType] Family: Zune
2025-09-08 11:08:34 [scrapy.middleware] WARNING: Disabled scrapy_selenium.SeleniumMiddleware: SELENIUM_DRIVER_NAME and SELENIUM_DRIVER_EXECUTABLE_PATH must be set
2025-09-08 11:08:34 [scrapy.middleware] INFO: Enabled downloader middlewares:
['scrapy.downloadermiddlewares.offsite.OffsiteMiddleware',
 'scrapy.downloadermiddlewares.httpproxy.HttpProxyMiddleware',
 'scrapy.downloadermiddlewares.httpauth.HttpAuthMiddleware',
 'scrapy.downloadermiddlewares.downloadtimeout.DownloadTimeoutMiddleware',
 'scrapy.downloadermiddlewares.defaultheaders.DefaultHeadersMiddleware',
 'scrapy_user_agents.middlewares.RandomUserAgentMiddleware',
 'scrapy.downloadermiddlewares.retry.RetryMiddleware',
 'scrapy.downloadermiddlewares.redirect.MetaRefreshMiddleware',
 'scrapy.downloadermiddlewares.httpcompression.HttpCompressionMiddleware',
 'scrapy.downloadermiddlewares.redirect.RedirectMiddleware',
 'scrapy.downloadermiddlewares.stats.DownloaderStats']
2025-09-08 11:08:34 [scrapy.middleware] INFO: Enabled spider middlewares:
['scrapy.spidermiddlewares.start.StartSpiderMiddleware',
 'scrapy.spidermiddlewares.httperror.HttpErrorMiddleware',
 'scrapy.spidermiddlewares.referer.RefererMiddleware',
 'scrapy.spidermiddlewares.urllength.UrlLengthMiddleware',
 'scrapy.spidermiddlewares.depth.DepthMiddleware']
2025-09-08 11:08:34 [scrapy.middleware] INFO: Enabled item pipelines:
[]
2025-09-08 11:08:34 [scrapy.core.engine] INFO: Spider opened
2025-09-08 11:08:34 [py.warnings] WARNING: C:\Users\Jael Alonso\Documents\expedia_sm\venv\Lib\site-packages\scrapy\core\spidermw.py:433: ScrapyDeprecationWarning: expedia_scraper.spiders.expedia.ExpediaSpider defines the deprecated start_requests() method. start_requests() has been deprecated in favor of a new method, start(), to support asynchronous code execution. start_requests() will stop being called in a future version of Scrapy. If you use Scrapy 2.13 or higher only, replace start_requests() with start(); note that start() is a coroutine (async def). If you need to maintain compatibility with lower Scrapy versions, when overriding start_requests() in a spider class, override start() as well; you can use super() to reuse the inherited start() implementation without copy-pasting. See the release notes of Scrapy 2.13 for details: https://docs.scrapy.org/en/2.13/news.html
  warn(

2025-09-08 11:08:34 [scrapy.extensions.logstats] INFO: Crawled 0 pages (at 0 pages/min), scraped 0 items (at 0 items/min)
2025-09-08 11:08:34 [scrapy.extensions.telnet] INFO: Telnet console listening on 127.0.0.1:6023
2025-09-08 11:08:34 [scrapy.core.engine] ERROR: Error while reading start items and requests: name 'urlencode' is not defined.
Traceback (most recent call last):
  File "C:\Users\Jael Alonso\Documents\expedia_sm\venv\Lib\site-packages\scrapy\core\engine.py", line 200, in _process_start_next
    item_or_request = await self._start.__anext__()
                      ^^^^^^^^^^^^^^^^^^^^^^^^^^^^^
  File "C:\Users\Jael Alonso\Documents\expedia_sm\venv\Lib\site-packages\scrapy\spidermiddlewares\base.py", line 51, in process_start
    async for o in start:
  File "C:\Users\Jael Alonso\Documents\expedia_sm\venv\Lib\site-packages\scrapy\spidermiddlewares\base.py", line 51, in process_start
    async for o in start:
  File "C:\Users\Jael Alonso\Documents\expedia_sm\venv\Lib\site-packages\scrapy\spidermiddlewares\base.py", line 51, in process_start
    async for o in start:
  [Previous line repeated 1 more time]
  File "C:\Users\Jael Alonso\Documents\expedia_sm\venv\Lib\site-packages\scrapy\spiders\__init__.py", line 133, in start
    for item_or_request in self.start_requests():
                           ^^^^^^^^^^^^^^^^^^^^^
  File "C:\Users\Jael Alonso\Documents\expedia_sm\expedia_scraper\expedia_scraper\spiders\expedia.py", line 40, in start_requests
    url = f"https://www.expedia.com/Hotel-Search?{urlencode(search_params)}"
                                                  ^^^^^^^^^
NameError: name 'urlencode' is not defined
Traceback (most recent call last):
  File "C:\Users\Jael Alonso\Documents\expedia_sm\venv\Lib\site-packages\scrapy\core\engine.py", line 200, in _process_start_next
    item_or_request = await self._start.__anext__()
                      ^^^^^^^^^^^^^^^^^^^^^^^^^^^^^
  File "C:\Users\Jael Alonso\Documents\expedia_sm\venv\Lib\site-packages\scrapy\spidermiddlewares\base.py", line 51, in process_start
    async for o in start:
  File "C:\Users\Jael Alonso\Documents\expedia_sm\venv\Lib\site-packages\scrapy\spidermiddlewares\base.py", line 51, in process_start
    async for o in start:
  File "C:\Users\Jael Alonso\Documents\expedia_sm\venv\Lib\site-packages\scrapy\spidermiddlewares\base.py", line 51, in process_start
    async for o in start:
  [Previous line repeated 1 more time]
  File "C:\Users\Jael Alonso\Documents\expedia_sm\venv\Lib\site-packages\scrapy\spiders\__init__.py", line 133, in start
    for item_or_request in self.start_requests():
                           ^^^^^^^^^^^^^^^^^^^^^
  File "C:\Users\Jael Alonso\Documents\expedia_sm\expedia_scraper\expedia_scraper\spiders\expedia.py", line 40, in start_requests
    url = f"https://www.expedia.com/Hotel-Search?{urlencode(search_params)}"
                                                  ^^^^^^^^^
NameError: name 'urlencode' is not defined
2025-09-08 11:08:34 [scrapy.core.engine] INFO: Closing spider (finished)
2025-09-08 11:08:34 [scrapy.extensions.feedexport] INFO: Stored json feed (0 items) in: resultados.json
2025-09-08 11:08:34 [scrapy.statscollectors] INFO: Dumping Scrapy stats:
{'elapsed_time_seconds': 0.009321,
 'feedexport/success_count/FileFeedStorage': 1,
 'finish_reason': 'finished',
 'finish_time': datetime.datetime(2025, 9, 8, 17, 8, 34, 214605, tzinfo=datetime.timezone.utc),
 'items_per_minute': None,
 'log_count/DEBUG': 3,
 'log_count/ERROR': 1,
 'log_count/INFO': 11,
 'log_count/WARNING': 48,
 'responses_per_minute': None,
 'start_time': datetime.datetime(2025, 9, 8, 17, 8, 34, 205284, tzinfo=datetime.timezone.utc)}
2025-09-08 11:08:34 [scrapy.core.engine] INFO: Spider closed (finished)
2025-09-08 11:08:55 [scrapy.utils.log] INFO: Scrapy 2.13.3 started (bot: expedia_scraper)
2025-09-08 11:08:55 [scrapy.utils.log] INFO: Versions:
{'lxml': '6.0.1',
 'libxml2': '2.11.9',
 'cssselect': '1.3.0',
 'parsel': '1.10.0',
 'w3lib': '2.3.1',
 'Twisted': '25.5.0',
 'Python': '3.12.7 (tags/v3.12.7:0b05ead, Oct  1 2024, 03:06:41) [MSC v.1941 '
           '64 bit (AMD64)]',
 'pyOpenSSL': '25.1.0 (OpenSSL 3.5.2 5 Aug 2025)',
 'cryptography': '45.0.7',
 'Platform': 'Windows-11-10.0.22631-SP0'}
2025-09-08 11:08:55 [scrapy.addons] INFO: Enabled addons:
[]
2025-09-08 11:08:55 [py.warnings] WARNING: C:\Users\Jael Alonso\Documents\expedia_sm\venv\Lib\site-packages\scrapy\utils\request.py:120: ScrapyDeprecationWarning: 'REQUEST_FINGERPRINTER_IMPLEMENTATION' is a deprecated setting.
It will be removed in a future version of Scrapy.
  return cls(crawler)

2025-09-08 11:08:55 [asyncio] DEBUG: Using selector: SelectSelector
2025-09-08 11:08:55 [scrapy.utils.log] DEBUG: Using reactor: twisted.internet.asyncioreactor.AsyncioSelectorReactor
2025-09-08 11:08:55 [scrapy.utils.log] DEBUG: Using asyncio event loop: asyncio.windows_events._WindowsSelectorEventLoop
2025-09-08 11:08:55 [scrapy.extensions.telnet] INFO: Telnet Password: 5afc448ed226b64f
2025-09-08 11:08:55 [scrapy.middleware] INFO: Enabled extensions:
['scrapy.extensions.corestats.CoreStats',
 'scrapy.extensions.telnet.TelnetConsole',
 'scrapy.extensions.feedexport.FeedExporter',
 'scrapy.extensions.logstats.LogStats',
 'scrapy.extensions.throttle.AutoThrottle']
2025-09-08 11:08:55 [scrapy.crawler] INFO: Overridden settings:
{'AUTOTHROTTLE_ENABLED': True,
 'AUTOTHROTTLE_MAX_DELAY': 90,
 'AUTOTHROTTLE_START_DELAY': 10,
 'AUTOTHROTTLE_TARGET_CONCURRENCY': 0.5,
 'BOT_NAME': 'expedia_scraper',
 'CONCURRENT_REQUESTS': 1,
 'CONCURRENT_REQUESTS_PER_DOMAIN': 1,
 'COOKIES_ENABLED': False,
 'DOWNLOAD_DELAY': 8,
 'DOWNLOAD_TIMEOUT': 60,
 'FEED_EXPORT_ENCODING': 'utf-8',
 'HTTPCACHE_IGNORE_HTTP_CODES': [500, 502, 503, 504, 403, 404, 408, 429],
 'LOG_FILE': 'scrapy.log',
 'NEWSPIDER_MODULE': 'expedia_scraper.spiders',
 'REQUEST_FINGERPRINTER_IMPLEMENTATION': '2.7',
 'RETRY_HTTP_CODES': [500, 502, 503, 504, 522, 524, 408, 429, 403],
 'RETRY_TIMES': 3,
 'SPIDER_MODULES': ['expedia_scraper.spiders'],
 'USER_AGENT': 'Mozilla/5.0 (Windows NT 10.0; Win64; x64) AppleWebKit/537.36 '
               '(KHTML, like Gecko) Chrome/120.0.0.0 Safari/537.36'}
2025-09-08 11:08:56 [scrapy_user_agents.user_agent_picker] WARNING: [UnsupportedBrowserType] Family: Android
2025-09-08 11:08:56 [scrapy_user_agents.user_agent_picker] WARNING: [UnsupportedDeviceType] Family: Other, Brand: None, Model: None
2025-09-08 11:08:56 [scrapy_user_agents.user_agent_picker] WARNING: [UnsupportedDeviceType] Family: Other, Brand: None, Model: None
2025-09-08 11:08:56 [scrapy_user_agents.user_agent_picker] WARNING: [UnsupportedDeviceType] Family: Other, Brand: None, Model: None
2025-09-08 11:08:56 [scrapy_user_agents.user_agent_picker] WARNING: [UnsupportedDeviceType] Family: Sony BDV13, Brand: Sony, Model: BDV13
2025-09-08 11:08:56 [scrapy_user_agents.user_agent_picker] WARNING: [UnsupportedDeviceType] Family: Nintendo DSi, Brand: Nintendo, Model: DSi
2025-09-08 11:08:56 [scrapy_user_agents.user_agent_picker] WARNING: [UnsupportedDeviceType] Family: Other, Brand: None, Model: None
2025-09-08 11:08:56 [scrapy_user_agents.user_agent_picker] WARNING: [UnsupportedBrowserType] Family: Other
2025-09-08 11:08:56 [scrapy_user_agents.user_agent_picker] WARNING: [UnsupportedDeviceType] Family: LYF F90M, Brand: LYF, Model: F90M
2025-09-08 11:08:56 [scrapy_user_agents.user_agent_picker] WARNING: [UnsupportedDeviceType] Family: Sony BDV14, Brand: Sony, Model: BDV14
2025-09-08 11:08:56 [scrapy_user_agents.user_agent_picker] WARNING: [UnsupportedDeviceType] Family: LG Web0S SmartTV, Brand: LG, Model: Web0S SmartTV
2025-09-08 11:08:56 [scrapy_user_agents.user_agent_picker] WARNING: [UnsupportedDeviceType] Family: Other, Brand: None, Model: None
2025-09-08 11:08:56 [scrapy_user_agents.user_agent_picker] WARNING: [UnsupportedDeviceType] Family: Other, Brand: None, Model: None
2025-09-08 11:08:56 [scrapy_user_agents.user_agent_picker] WARNING: [UnsupportedDeviceType] Family: Other, Brand: None, Model: None
2025-09-08 11:08:56 [scrapy_user_agents.user_agent_picker] WARNING: [UnsupportedDeviceType] Family: Other, Brand: None, Model: None
2025-09-08 11:08:57 [scrapy_user_agents.user_agent_picker] WARNING: [UnsupportedDeviceType] Family: Other, Brand: None, Model: None
2025-09-08 11:08:57 [scrapy_user_agents.user_agent_picker] WARNING: [UnsupportedDeviceType] Family: Other, Brand: None, Model: None
2025-09-08 11:08:57 [scrapy_user_agents.user_agent_picker] WARNING: [UnsupportedDeviceType] Family: Other, Brand: None, Model: None
2025-09-08 11:08:57 [scrapy_user_agents.user_agent_picker] WARNING: [UnsupportedDeviceType] Family: Sony BDV11, Brand: Sony, Model: BDV11
2025-09-08 11:08:57 [scrapy_user_agents.user_agent_picker] WARNING: [UnsupportedDeviceType] Family: Other, Brand: None, Model: None
2025-09-08 11:08:57 [scrapy_user_agents.user_agent_picker] WARNING: [UnsupportedDeviceType] Family: Other, Brand: None, Model: None
2025-09-08 11:08:57 [scrapy_user_agents.user_agent_picker] WARNING: [UnsupportedDeviceType] Family: Other, Brand: None, Model: None
2025-09-08 11:08:57 [scrapy_user_agents.user_agent_picker] WARNING: [UnsupportedDeviceType] Family: Other, Brand: None, Model: None
2025-09-08 11:08:57 [scrapy_user_agents.user_agent_picker] WARNING: [UnsupportedDeviceType] Family: Nintendo DSi, Brand: Nintendo, Model: DSi
2025-09-08 11:08:57 [scrapy_user_agents.user_agent_picker] WARNING: [UnsupportedDeviceType] Family: LYF LF-2403N, Brand: LYF, Model: LF-2403N
2025-09-08 11:08:57 [scrapy_user_agents.user_agent_picker] WARNING: [UnsupportedDeviceType] Family: LYF F90M, Brand: LYF, Model: F90M
2025-09-08 11:08:57 [scrapy_user_agents.user_agent_picker] WARNING: [UnsupportedDeviceType] Family: Other, Brand: None, Model: None
2025-09-08 11:08:57 [scrapy_user_agents.user_agent_picker] WARNING: [UnsupportedDeviceType] Family: Other, Brand: None, Model: None
2025-09-08 11:08:57 [scrapy_user_agents.user_agent_picker] WARNING: [UnsupportedBrowserType] Family: Applebot
2025-09-08 11:08:57 [scrapy_user_agents.user_agent_picker] WARNING: [UnsupportedDeviceType] Family: Other, Brand: None, Model: None
2025-09-08 11:08:57 [scrapy_user_agents.user_agent_picker] WARNING: [UnsupportedBrowserType] Family: Applebot
2025-09-08 11:08:57 [scrapy_user_agents.user_agent_picker] WARNING: [UnsupportedBrowserType] Family: Other
2025-09-08 11:08:57 [scrapy_user_agents.user_agent_picker] WARNING: [UnsupportedBrowserType] Family: Other
2025-09-08 11:08:57 [scrapy_user_agents.user_agent_picker] WARNING: [UnsupportedBrowserType] Family: PhantomJS
2025-09-08 11:08:57 [scrapy_user_agents.user_agent_picker] WARNING: [UnsupportedBrowserType] Family: SMTBot
2025-09-08 11:08:57 [scrapy_user_agents.user_agent_picker] WARNING: [UnsupportedBrowserType] Family: PhantomJS
2025-09-08 11:08:57 [scrapy_user_agents.user_agent_picker] WARNING: [UnsupportedBrowserType] Family: PhantomJS
2025-09-08 11:08:57 [scrapy_user_agents.user_agent_picker] WARNING: [UnsupportedBrowserType] Family: WebKit Nightly
2025-09-08 11:08:58 [scrapy_user_agents.user_agent_picker] WARNING: [UnsupportedBrowserType] Family: PhantomJS
2025-09-08 11:08:58 [scrapy_user_agents.user_agent_picker] WARNING: [UnsupportedDeviceType] Family: Other, Brand: None, Model: None
2025-09-08 11:08:58 [scrapy_user_agents.user_agent_picker] WARNING: [UnsupportedBrowserType] Family: PhantomJS
2025-09-08 11:08:58 [scrapy_user_agents.user_agent_picker] WARNING: [UnsupportedBrowserType] Family: PhantomJS
2025-09-08 11:08:58 [scrapy_user_agents.user_agent_picker] WARNING: [UnsupportedBrowserType] Family: Robot
2025-09-08 11:08:58 [scrapy_user_agents.user_agent_picker] WARNING: [UnsupportedDeviceType] Family: Other, Brand: None, Model: None
2025-09-08 11:08:58 [scrapy_user_agents.user_agent_picker] WARNING: [UnsupportedBrowserType] Family: Zune
2025-09-08 11:08:58 [scrapy.middleware] WARNING: Disabled scrapy_selenium.SeleniumMiddleware: SELENIUM_DRIVER_NAME and SELENIUM_DRIVER_EXECUTABLE_PATH must be set
2025-09-08 11:08:58 [scrapy.middleware] INFO: Enabled downloader middlewares:
['scrapy.downloadermiddlewares.offsite.OffsiteMiddleware',
 'scrapy.downloadermiddlewares.httpproxy.HttpProxyMiddleware',
 'scrapy.downloadermiddlewares.httpauth.HttpAuthMiddleware',
 'scrapy.downloadermiddlewares.downloadtimeout.DownloadTimeoutMiddleware',
 'scrapy.downloadermiddlewares.defaultheaders.DefaultHeadersMiddleware',
 'scrapy_user_agents.middlewares.RandomUserAgentMiddleware',
 'scrapy.downloadermiddlewares.retry.RetryMiddleware',
 'scrapy.downloadermiddlewares.redirect.MetaRefreshMiddleware',
 'scrapy.downloadermiddlewares.httpcompression.HttpCompressionMiddleware',
 'scrapy.downloadermiddlewares.redirect.RedirectMiddleware',
 'scrapy.downloadermiddlewares.stats.DownloaderStats']
2025-09-08 11:08:58 [scrapy.middleware] INFO: Enabled spider middlewares:
['scrapy.spidermiddlewares.start.StartSpiderMiddleware',
 'scrapy.spidermiddlewares.httperror.HttpErrorMiddleware',
 'scrapy.spidermiddlewares.referer.RefererMiddleware',
 'scrapy.spidermiddlewares.urllength.UrlLengthMiddleware',
 'scrapy.spidermiddlewares.depth.DepthMiddleware']
2025-09-08 11:08:58 [scrapy.middleware] INFO: Enabled item pipelines:
[]
2025-09-08 11:08:58 [scrapy.core.engine] INFO: Spider opened
2025-09-08 11:08:58 [py.warnings] WARNING: C:\Users\Jael Alonso\Documents\expedia_sm\venv\Lib\site-packages\scrapy\core\spidermw.py:433: ScrapyDeprecationWarning: expedia_scraper.spiders.expedia.ExpediaSpider defines the deprecated start_requests() method. start_requests() has been deprecated in favor of a new method, start(), to support asynchronous code execution. start_requests() will stop being called in a future version of Scrapy. If you use Scrapy 2.13 or higher only, replace start_requests() with start(); note that start() is a coroutine (async def). If you need to maintain compatibility with lower Scrapy versions, when overriding start_requests() in a spider class, override start() as well; you can use super() to reuse the inherited start() implementation without copy-pasting. See the release notes of Scrapy 2.13 for details: https://docs.scrapy.org/en/2.13/news.html
  warn(

2025-09-08 11:08:58 [scrapy.extensions.logstats] INFO: Crawled 0 pages (at 0 pages/min), scraped 0 items (at 0 items/min)
2025-09-08 11:08:58 [scrapy.extensions.telnet] INFO: Telnet console listening on 127.0.0.1:6023
2025-09-08 11:08:58 [scrapy.core.engine] ERROR: Error while reading start items and requests: name 'urlencode' is not defined.
Traceback (most recent call last):
  File "C:\Users\Jael Alonso\Documents\expedia_sm\venv\Lib\site-packages\scrapy\core\engine.py", line 200, in _process_start_next
    item_or_request = await self._start.__anext__()
                      ^^^^^^^^^^^^^^^^^^^^^^^^^^^^^
  File "C:\Users\Jael Alonso\Documents\expedia_sm\venv\Lib\site-packages\scrapy\spidermiddlewares\base.py", line 51, in process_start
    async for o in start:
  File "C:\Users\Jael Alonso\Documents\expedia_sm\venv\Lib\site-packages\scrapy\spidermiddlewares\base.py", line 51, in process_start
    async for o in start:
  File "C:\Users\Jael Alonso\Documents\expedia_sm\venv\Lib\site-packages\scrapy\spidermiddlewares\base.py", line 51, in process_start
    async for o in start:
  [Previous line repeated 1 more time]
  File "C:\Users\Jael Alonso\Documents\expedia_sm\venv\Lib\site-packages\scrapy\spiders\__init__.py", line 133, in start
    for item_or_request in self.start_requests():
                           ^^^^^^^^^^^^^^^^^^^^^
  File "C:\Users\Jael Alonso\Documents\expedia_sm\expedia_scraper\expedia_scraper\spiders\expedia.py", line 40, in start_requests
    url = f"https://www.expedia.com/Hotel-Search?{urlencode(search_params)}"
                                                  ^^^^^^^^^
NameError: name 'urlencode' is not defined
Traceback (most recent call last):
  File "C:\Users\Jael Alonso\Documents\expedia_sm\venv\Lib\site-packages\scrapy\core\engine.py", line 200, in _process_start_next
    item_or_request = await self._start.__anext__()
                      ^^^^^^^^^^^^^^^^^^^^^^^^^^^^^
  File "C:\Users\Jael Alonso\Documents\expedia_sm\venv\Lib\site-packages\scrapy\spidermiddlewares\base.py", line 51, in process_start
    async for o in start:
  File "C:\Users\Jael Alonso\Documents\expedia_sm\venv\Lib\site-packages\scrapy\spidermiddlewares\base.py", line 51, in process_start
    async for o in start:
  File "C:\Users\Jael Alonso\Documents\expedia_sm\venv\Lib\site-packages\scrapy\spidermiddlewares\base.py", line 51, in process_start
    async for o in start:
  [Previous line repeated 1 more time]
  File "C:\Users\Jael Alonso\Documents\expedia_sm\venv\Lib\site-packages\scrapy\spiders\__init__.py", line 133, in start
    for item_or_request in self.start_requests():
                           ^^^^^^^^^^^^^^^^^^^^^
  File "C:\Users\Jael Alonso\Documents\expedia_sm\expedia_scraper\expedia_scraper\spiders\expedia.py", line 40, in start_requests
    url = f"https://www.expedia.com/Hotel-Search?{urlencode(search_params)}"
                                                  ^^^^^^^^^
NameError: name 'urlencode' is not defined
2025-09-08 11:08:58 [scrapy.core.engine] INFO: Closing spider (finished)
2025-09-08 11:08:58 [scrapy.extensions.feedexport] INFO: Stored json feed (0 items) in: resultados.json
2025-09-08 11:08:58 [scrapy.statscollectors] INFO: Dumping Scrapy stats:
{'elapsed_time_seconds': 0.007684,
 'feedexport/success_count/FileFeedStorage': 1,
 'finish_reason': 'finished',
 'finish_time': datetime.datetime(2025, 9, 8, 17, 8, 58, 313130, tzinfo=datetime.timezone.utc),
 'items_per_minute': None,
 'log_count/DEBUG': 3,
 'log_count/ERROR': 1,
 'log_count/INFO': 11,
 'log_count/WARNING': 48,
 'responses_per_minute': None,
 'start_time': datetime.datetime(2025, 9, 8, 17, 8, 58, 305446, tzinfo=datetime.timezone.utc)}
2025-09-08 11:08:58 [scrapy.core.engine] INFO: Spider closed (finished)
2025-09-08 11:13:55 [scrapy.utils.log] INFO: Scrapy 2.13.3 started (bot: expedia_scraper)
2025-09-08 11:13:55 [scrapy.utils.log] INFO: Versions:
{'lxml': '6.0.1',
 'libxml2': '2.11.9',
 'cssselect': '1.3.0',
 'parsel': '1.10.0',
 'w3lib': '2.3.1',
 'Twisted': '25.5.0',
 'Python': '3.12.7 (tags/v3.12.7:0b05ead, Oct  1 2024, 03:06:41) [MSC v.1941 '
           '64 bit (AMD64)]',
 'pyOpenSSL': '25.1.0 (OpenSSL 3.5.2 5 Aug 2025)',
 'cryptography': '45.0.7',
 'Platform': 'Windows-11-10.0.22631-SP0'}
2025-09-08 11:13:55 [scrapy.addons] INFO: Enabled addons:
[]
2025-09-08 11:13:55 [py.warnings] WARNING: C:\Users\Jael Alonso\Documents\expedia_sm\venv\Lib\site-packages\scrapy\utils\request.py:120: ScrapyDeprecationWarning: 'REQUEST_FINGERPRINTER_IMPLEMENTATION' is a deprecated setting.
It will be removed in a future version of Scrapy.
  return cls(crawler)

2025-09-08 11:13:55 [asyncio] DEBUG: Using selector: SelectSelector
2025-09-08 11:13:55 [scrapy.utils.log] DEBUG: Using reactor: twisted.internet.asyncioreactor.AsyncioSelectorReactor
2025-09-08 11:13:55 [scrapy.utils.log] DEBUG: Using asyncio event loop: asyncio.windows_events._WindowsSelectorEventLoop
2025-09-08 11:13:55 [scrapy.extensions.telnet] INFO: Telnet Password: 7a60dae756bfb4bb
2025-09-08 11:13:55 [scrapy.middleware] INFO: Enabled extensions:
['scrapy.extensions.corestats.CoreStats',
 'scrapy.extensions.telnet.TelnetConsole',
 'scrapy.extensions.feedexport.FeedExporter',
 'scrapy.extensions.logstats.LogStats',
 'scrapy.extensions.throttle.AutoThrottle']
2025-09-08 11:13:55 [scrapy.crawler] INFO: Overridden settings:
{'AUTOTHROTTLE_ENABLED': True,
 'AUTOTHROTTLE_MAX_DELAY': 90,
 'AUTOTHROTTLE_START_DELAY': 10,
 'AUTOTHROTTLE_TARGET_CONCURRENCY': 0.5,
 'BOT_NAME': 'expedia_scraper',
 'CONCURRENT_REQUESTS': 1,
 'CONCURRENT_REQUESTS_PER_DOMAIN': 1,
 'COOKIES_ENABLED': False,
 'DOWNLOAD_DELAY': 8,
 'DOWNLOAD_TIMEOUT': 60,
 'FEED_EXPORT_ENCODING': 'utf-8',
 'HTTPCACHE_IGNORE_HTTP_CODES': [500, 502, 503, 504, 403, 404, 408, 429],
 'LOG_FILE': 'scrapy.log',
 'NEWSPIDER_MODULE': 'expedia_scraper.spiders',
 'REQUEST_FINGERPRINTER_IMPLEMENTATION': '2.7',
 'RETRY_HTTP_CODES': [500, 502, 503, 504, 522, 524, 408, 429, 403],
 'RETRY_TIMES': 3,
 'SPIDER_MODULES': ['expedia_scraper.spiders'],
 'USER_AGENT': 'Mozilla/5.0 (Windows NT 10.0; Win64; x64) AppleWebKit/537.36 '
               '(KHTML, like Gecko) Chrome/120.0.0.0 Safari/537.36'}
2025-09-08 11:13:56 [scrapy_user_agents.user_agent_picker] WARNING: [UnsupportedBrowserType] Family: Android
2025-09-08 11:13:56 [scrapy_user_agents.user_agent_picker] WARNING: [UnsupportedDeviceType] Family: Other, Brand: None, Model: None
2025-09-08 11:13:56 [scrapy_user_agents.user_agent_picker] WARNING: [UnsupportedDeviceType] Family: Other, Brand: None, Model: None
2025-09-08 11:13:56 [scrapy_user_agents.user_agent_picker] WARNING: [UnsupportedDeviceType] Family: Other, Brand: None, Model: None
2025-09-08 11:13:56 [scrapy_user_agents.user_agent_picker] WARNING: [UnsupportedDeviceType] Family: Sony BDV13, Brand: Sony, Model: BDV13
2025-09-08 11:13:56 [scrapy_user_agents.user_agent_picker] WARNING: [UnsupportedDeviceType] Family: Nintendo DSi, Brand: Nintendo, Model: DSi
2025-09-08 11:13:56 [scrapy_user_agents.user_agent_picker] WARNING: [UnsupportedDeviceType] Family: Other, Brand: None, Model: None
2025-09-08 11:13:56 [scrapy_user_agents.user_agent_picker] WARNING: [UnsupportedBrowserType] Family: Other
2025-09-08 11:13:56 [scrapy_user_agents.user_agent_picker] WARNING: [UnsupportedDeviceType] Family: LYF F90M, Brand: LYF, Model: F90M
2025-09-08 11:13:56 [scrapy_user_agents.user_agent_picker] WARNING: [UnsupportedDeviceType] Family: Sony BDV14, Brand: Sony, Model: BDV14
2025-09-08 11:13:57 [scrapy_user_agents.user_agent_picker] WARNING: [UnsupportedDeviceType] Family: LG Web0S SmartTV, Brand: LG, Model: Web0S SmartTV
2025-09-08 11:13:57 [scrapy_user_agents.user_agent_picker] WARNING: [UnsupportedDeviceType] Family: Other, Brand: None, Model: None
2025-09-08 11:13:57 [scrapy_user_agents.user_agent_picker] WARNING: [UnsupportedDeviceType] Family: Other, Brand: None, Model: None
2025-09-08 11:13:57 [scrapy_user_agents.user_agent_picker] WARNING: [UnsupportedDeviceType] Family: Other, Brand: None, Model: None
2025-09-08 11:13:57 [scrapy_user_agents.user_agent_picker] WARNING: [UnsupportedDeviceType] Family: Other, Brand: None, Model: None
2025-09-08 11:13:57 [scrapy_user_agents.user_agent_picker] WARNING: [UnsupportedDeviceType] Family: Other, Brand: None, Model: None
2025-09-08 11:13:57 [scrapy_user_agents.user_agent_picker] WARNING: [UnsupportedDeviceType] Family: Other, Brand: None, Model: None
2025-09-08 11:13:57 [scrapy_user_agents.user_agent_picker] WARNING: [UnsupportedDeviceType] Family: Other, Brand: None, Model: None
2025-09-08 11:13:57 [scrapy_user_agents.user_agent_picker] WARNING: [UnsupportedDeviceType] Family: Sony BDV11, Brand: Sony, Model: BDV11
2025-09-08 11:13:57 [scrapy_user_agents.user_agent_picker] WARNING: [UnsupportedDeviceType] Family: Other, Brand: None, Model: None
2025-09-08 11:13:57 [scrapy_user_agents.user_agent_picker] WARNING: [UnsupportedDeviceType] Family: Other, Brand: None, Model: None
2025-09-08 11:13:57 [scrapy_user_agents.user_agent_picker] WARNING: [UnsupportedDeviceType] Family: Other, Brand: None, Model: None
2025-09-08 11:13:57 [scrapy_user_agents.user_agent_picker] WARNING: [UnsupportedDeviceType] Family: Other, Brand: None, Model: None
2025-09-08 11:13:57 [scrapy_user_agents.user_agent_picker] WARNING: [UnsupportedDeviceType] Family: Nintendo DSi, Brand: Nintendo, Model: DSi
2025-09-08 11:13:57 [scrapy_user_agents.user_agent_picker] WARNING: [UnsupportedDeviceType] Family: LYF LF-2403N, Brand: LYF, Model: LF-2403N
2025-09-08 11:13:57 [scrapy_user_agents.user_agent_picker] WARNING: [UnsupportedDeviceType] Family: LYF F90M, Brand: LYF, Model: F90M
2025-09-08 11:13:57 [scrapy_user_agents.user_agent_picker] WARNING: [UnsupportedDeviceType] Family: Other, Brand: None, Model: None
2025-09-08 11:13:57 [scrapy_user_agents.user_agent_picker] WARNING: [UnsupportedDeviceType] Family: Other, Brand: None, Model: None
2025-09-08 11:13:57 [scrapy_user_agents.user_agent_picker] WARNING: [UnsupportedBrowserType] Family: Applebot
2025-09-08 11:13:57 [scrapy_user_agents.user_agent_picker] WARNING: [UnsupportedDeviceType] Family: Other, Brand: None, Model: None
2025-09-08 11:13:57 [scrapy_user_agents.user_agent_picker] WARNING: [UnsupportedBrowserType] Family: Applebot
2025-09-08 11:13:57 [scrapy_user_agents.user_agent_picker] WARNING: [UnsupportedBrowserType] Family: Other
2025-09-08 11:13:58 [scrapy_user_agents.user_agent_picker] WARNING: [UnsupportedBrowserType] Family: Other
2025-09-08 11:13:58 [scrapy_user_agents.user_agent_picker] WARNING: [UnsupportedBrowserType] Family: PhantomJS
2025-09-08 11:13:58 [scrapy_user_agents.user_agent_picker] WARNING: [UnsupportedBrowserType] Family: SMTBot
2025-09-08 11:13:58 [scrapy_user_agents.user_agent_picker] WARNING: [UnsupportedBrowserType] Family: PhantomJS
2025-09-08 11:13:58 [scrapy_user_agents.user_agent_picker] WARNING: [UnsupportedBrowserType] Family: PhantomJS
2025-09-08 11:13:58 [scrapy_user_agents.user_agent_picker] WARNING: [UnsupportedBrowserType] Family: WebKit Nightly
2025-09-08 11:13:58 [scrapy_user_agents.user_agent_picker] WARNING: [UnsupportedBrowserType] Family: PhantomJS
2025-09-08 11:13:58 [scrapy_user_agents.user_agent_picker] WARNING: [UnsupportedDeviceType] Family: Other, Brand: None, Model: None
2025-09-08 11:13:58 [scrapy_user_agents.user_agent_picker] WARNING: [UnsupportedBrowserType] Family: PhantomJS
2025-09-08 11:13:58 [scrapy_user_agents.user_agent_picker] WARNING: [UnsupportedBrowserType] Family: PhantomJS
2025-09-08 11:13:58 [scrapy_user_agents.user_agent_picker] WARNING: [UnsupportedBrowserType] Family: Robot
2025-09-08 11:13:58 [scrapy_user_agents.user_agent_picker] WARNING: [UnsupportedDeviceType] Family: Other, Brand: None, Model: None
2025-09-08 11:13:58 [scrapy_user_agents.user_agent_picker] WARNING: [UnsupportedBrowserType] Family: Zune
2025-09-08 11:13:58 [scrapy.middleware] WARNING: Disabled scrapy_selenium.SeleniumMiddleware: SELENIUM_DRIVER_NAME and SELENIUM_DRIVER_EXECUTABLE_PATH must be set
2025-09-08 11:13:58 [scrapy.middleware] INFO: Enabled downloader middlewares:
['scrapy.downloadermiddlewares.offsite.OffsiteMiddleware',
 'scrapy.downloadermiddlewares.httpproxy.HttpProxyMiddleware',
 'scrapy.downloadermiddlewares.httpauth.HttpAuthMiddleware',
 'scrapy.downloadermiddlewares.downloadtimeout.DownloadTimeoutMiddleware',
 'scrapy.downloadermiddlewares.defaultheaders.DefaultHeadersMiddleware',
 'scrapy_user_agents.middlewares.RandomUserAgentMiddleware',
 'scrapy.downloadermiddlewares.retry.RetryMiddleware',
 'scrapy.downloadermiddlewares.redirect.MetaRefreshMiddleware',
 'scrapy.downloadermiddlewares.httpcompression.HttpCompressionMiddleware',
 'scrapy.downloadermiddlewares.redirect.RedirectMiddleware',
 'scrapy.downloadermiddlewares.stats.DownloaderStats']
2025-09-08 11:13:58 [scrapy.middleware] INFO: Enabled spider middlewares:
['scrapy.spidermiddlewares.start.StartSpiderMiddleware',
 'scrapy.spidermiddlewares.httperror.HttpErrorMiddleware',
 'scrapy.spidermiddlewares.referer.RefererMiddleware',
 'scrapy.spidermiddlewares.urllength.UrlLengthMiddleware',
 'scrapy.spidermiddlewares.depth.DepthMiddleware']
2025-09-08 11:13:58 [scrapy.middleware] INFO: Enabled item pipelines:
[]
2025-09-08 11:13:58 [scrapy.core.engine] INFO: Spider opened
2025-09-08 11:13:58 [py.warnings] WARNING: C:\Users\Jael Alonso\Documents\expedia_sm\venv\Lib\site-packages\scrapy\core\spidermw.py:433: ScrapyDeprecationWarning: expedia_scraper.spiders.expediaplay.ExpediaPlaywrightSpider defines the deprecated start_requests() method. start_requests() has been deprecated in favor of a new method, start(), to support asynchronous code execution. start_requests() will stop being called in a future version of Scrapy. If you use Scrapy 2.13 or higher only, replace start_requests() with start(); note that start() is a coroutine (async def). If you need to maintain compatibility with lower Scrapy versions, when overriding start_requests() in a spider class, override start() as well; you can use super() to reuse the inherited start() implementation without copy-pasting. See the release notes of Scrapy 2.13 for details: https://docs.scrapy.org/en/2.13/news.html
  warn(

2025-09-08 11:13:58 [scrapy.extensions.logstats] INFO: Crawled 0 pages (at 0 pages/min), scraped 0 items (at 0 items/min)
2025-09-08 11:13:58 [scrapy.extensions.telnet] INFO: Telnet console listening on 127.0.0.1:6023
2025-09-08 11:13:58 [scrapy_user_agents.middlewares] DEBUG: Assigned User-Agent Mozilla/5.0 (Windows NT 10.0; Win64; x64) AppleWebKit/537.36 (KHTML, like Gecko) Chrome/62.0.3202.75 Safari/537.36
2025-09-08 11:13:58 [scrapy.downloadermiddlewares.retry] DEBUG: Retrying <GET https://www.expedia.com/Hotel-Search?destination=Oaxaca%2C+Oaxaca%2C+Mexico&startDate=2025-09-09&endDate=2025-09-10&adults=1&rooms=1&sort=RECOMMENDED> (failed 1 times): 429 Unknown Status
2025-09-08 11:13:58 [scrapy_user_agents.middlewares] DEBUG: Assigned User-Agent Mozilla/5.0 (Windows NT 6.3; WOW64) AppleWebKit/537.36 (KHTML, like Gecko) Chrome/45.0.2454.85 Safari/537.36
2025-09-08 11:14:06 [scrapy.downloadermiddlewares.retry] DEBUG: Retrying <GET https://www.expedia.com/Hotel-Search?destination=Oaxaca%2C+Oaxaca%2C+Mexico&startDate=2025-09-09&endDate=2025-09-10&adults=1&rooms=1&sort=RECOMMENDED> (failed 2 times): 429 Unknown Status
2025-09-08 11:14:06 [scrapy_user_agents.middlewares] DEBUG: Assigned User-Agent Mozilla/5.0 (Windows NT 6.3; WOW64) AppleWebKit/537.36 (KHTML, like Gecko) Chrome/51.0.2704.63 Safari/537.36
2025-09-08 11:14:13 [scrapy.crawler] INFO: Received SIGINT, shutting down gracefully. Send again to force 
2025-09-08 11:14:13 [scrapy.core.engine] INFO: Closing spider (shutdown)
2025-09-08 11:14:18 [scrapy.crawler] INFO: Received SIGINT twice, forcing unclean shutdown
2025-09-08 11:14:54 [scrapy.utils.log] INFO: Scrapy 2.13.3 started (bot: expedia_scraper)
2025-09-08 11:14:54 [scrapy.utils.log] INFO: Versions:
{'lxml': '6.0.1',
 'libxml2': '2.11.9',
 'cssselect': '1.3.0',
 'parsel': '1.10.0',
 'w3lib': '2.3.1',
 'Twisted': '25.5.0',
 'Python': '3.12.7 (tags/v3.12.7:0b05ead, Oct  1 2024, 03:06:41) [MSC v.1941 '
           '64 bit (AMD64)]',
 'pyOpenSSL': '25.1.0 (OpenSSL 3.5.2 5 Aug 2025)',
 'cryptography': '45.0.7',
 'Platform': 'Windows-11-10.0.22631-SP0'}
2025-09-08 11:14:54 [scrapy.addons] INFO: Enabled addons:
[]
2025-09-08 11:14:54 [py.warnings] WARNING: C:\Users\Jael Alonso\Documents\expedia_sm\venv\Lib\site-packages\scrapy\utils\request.py:120: ScrapyDeprecationWarning: 'REQUEST_FINGERPRINTER_IMPLEMENTATION' is a deprecated setting.
It will be removed in a future version of Scrapy.
  return cls(crawler)

2025-09-08 11:14:54 [asyncio] DEBUG: Using selector: SelectSelector
2025-09-08 11:14:54 [scrapy.utils.log] DEBUG: Using reactor: twisted.internet.asyncioreactor.AsyncioSelectorReactor
2025-09-08 11:14:54 [scrapy.utils.log] DEBUG: Using asyncio event loop: asyncio.windows_events._WindowsSelectorEventLoop
2025-09-08 11:14:54 [scrapy.extensions.telnet] INFO: Telnet Password: ea45ab70f8c21734
2025-09-08 11:14:54 [scrapy.middleware] INFO: Enabled extensions:
['scrapy.extensions.corestats.CoreStats',
 'scrapy.extensions.telnet.TelnetConsole',
 'scrapy.extensions.feedexport.FeedExporter',
 'scrapy.extensions.logstats.LogStats',
 'scrapy.extensions.throttle.AutoThrottle']
2025-09-08 11:14:54 [scrapy.crawler] INFO: Overridden settings:
{'AUTOTHROTTLE_ENABLED': True,
 'AUTOTHROTTLE_MAX_DELAY': 90,
 'AUTOTHROTTLE_START_DELAY': 10,
 'AUTOTHROTTLE_TARGET_CONCURRENCY': 0.5,
 'BOT_NAME': 'expedia_scraper',
 'CONCURRENT_REQUESTS': 1,
 'CONCURRENT_REQUESTS_PER_DOMAIN': 1,
 'COOKIES_ENABLED': False,
 'DOWNLOAD_DELAY': 8,
 'DOWNLOAD_TIMEOUT': 60,
 'FEED_EXPORT_ENCODING': 'utf-8',
 'HTTPCACHE_IGNORE_HTTP_CODES': [500, 502, 503, 504, 403, 404, 408, 429],
 'LOG_FILE': 'scrapy.log',
 'NEWSPIDER_MODULE': 'expedia_scraper.spiders',
 'REQUEST_FINGERPRINTER_IMPLEMENTATION': '2.7',
 'RETRY_HTTP_CODES': [500, 502, 503, 504, 522, 524, 408, 429, 403],
 'RETRY_TIMES': 3,
 'SPIDER_MODULES': ['expedia_scraper.spiders'],
 'USER_AGENT': 'Mozilla/5.0 (Windows NT 10.0; Win64; x64) AppleWebKit/537.36 '
               '(KHTML, like Gecko) Chrome/120.0.0.0 Safari/537.36'}
2025-09-08 11:14:55 [scrapy_user_agents.user_agent_picker] WARNING: [UnsupportedBrowserType] Family: Android
2025-09-08 11:14:55 [scrapy_user_agents.user_agent_picker] WARNING: [UnsupportedDeviceType] Family: Other, Brand: None, Model: None
2025-09-08 11:14:55 [scrapy_user_agents.user_agent_picker] WARNING: [UnsupportedDeviceType] Family: Other, Brand: None, Model: None
2025-09-08 11:14:55 [scrapy_user_agents.user_agent_picker] WARNING: [UnsupportedDeviceType] Family: Other, Brand: None, Model: None
2025-09-08 11:14:55 [scrapy_user_agents.user_agent_picker] WARNING: [UnsupportedDeviceType] Family: Sony BDV13, Brand: Sony, Model: BDV13
2025-09-08 11:14:55 [scrapy_user_agents.user_agent_picker] WARNING: [UnsupportedDeviceType] Family: Nintendo DSi, Brand: Nintendo, Model: DSi
2025-09-08 11:14:55 [scrapy_user_agents.user_agent_picker] WARNING: [UnsupportedDeviceType] Family: Other, Brand: None, Model: None
2025-09-08 11:14:55 [scrapy_user_agents.user_agent_picker] WARNING: [UnsupportedBrowserType] Family: Other
2025-09-08 11:14:55 [scrapy_user_agents.user_agent_picker] WARNING: [UnsupportedDeviceType] Family: LYF F90M, Brand: LYF, Model: F90M
2025-09-08 11:14:55 [scrapy_user_agents.user_agent_picker] WARNING: [UnsupportedDeviceType] Family: Sony BDV14, Brand: Sony, Model: BDV14
2025-09-08 11:14:56 [scrapy_user_agents.user_agent_picker] WARNING: [UnsupportedDeviceType] Family: LG Web0S SmartTV, Brand: LG, Model: Web0S SmartTV
2025-09-08 11:14:56 [scrapy_user_agents.user_agent_picker] WARNING: [UnsupportedDeviceType] Family: Other, Brand: None, Model: None
2025-09-08 11:14:56 [scrapy_user_agents.user_agent_picker] WARNING: [UnsupportedDeviceType] Family: Other, Brand: None, Model: None
2025-09-08 11:14:56 [scrapy_user_agents.user_agent_picker] WARNING: [UnsupportedDeviceType] Family: Other, Brand: None, Model: None
2025-09-08 11:14:56 [scrapy_user_agents.user_agent_picker] WARNING: [UnsupportedDeviceType] Family: Other, Brand: None, Model: None
2025-09-08 11:14:56 [scrapy_user_agents.user_agent_picker] WARNING: [UnsupportedDeviceType] Family: Other, Brand: None, Model: None
2025-09-08 11:14:56 [scrapy_user_agents.user_agent_picker] WARNING: [UnsupportedDeviceType] Family: Other, Brand: None, Model: None
2025-09-08 11:14:56 [scrapy_user_agents.user_agent_picker] WARNING: [UnsupportedDeviceType] Family: Other, Brand: None, Model: None
2025-09-08 11:14:56 [scrapy_user_agents.user_agent_picker] WARNING: [UnsupportedDeviceType] Family: Sony BDV11, Brand: Sony, Model: BDV11
2025-09-08 11:14:56 [scrapy_user_agents.user_agent_picker] WARNING: [UnsupportedDeviceType] Family: Other, Brand: None, Model: None
2025-09-08 11:14:56 [scrapy_user_agents.user_agent_picker] WARNING: [UnsupportedDeviceType] Family: Other, Brand: None, Model: None
2025-09-08 11:14:56 [scrapy_user_agents.user_agent_picker] WARNING: [UnsupportedDeviceType] Family: Other, Brand: None, Model: None
2025-09-08 11:14:56 [scrapy_user_agents.user_agent_picker] WARNING: [UnsupportedDeviceType] Family: Other, Brand: None, Model: None
2025-09-08 11:14:56 [scrapy_user_agents.user_agent_picker] WARNING: [UnsupportedDeviceType] Family: Nintendo DSi, Brand: Nintendo, Model: DSi
2025-09-08 11:14:56 [scrapy_user_agents.user_agent_picker] WARNING: [UnsupportedDeviceType] Family: LYF LF-2403N, Brand: LYF, Model: LF-2403N
2025-09-08 11:14:56 [scrapy_user_agents.user_agent_picker] WARNING: [UnsupportedDeviceType] Family: LYF F90M, Brand: LYF, Model: F90M
2025-09-08 11:14:56 [scrapy_user_agents.user_agent_picker] WARNING: [UnsupportedDeviceType] Family: Other, Brand: None, Model: None
2025-09-08 11:14:56 [scrapy_user_agents.user_agent_picker] WARNING: [UnsupportedDeviceType] Family: Other, Brand: None, Model: None
2025-09-08 11:14:56 [scrapy_user_agents.user_agent_picker] WARNING: [UnsupportedBrowserType] Family: Applebot
2025-09-08 11:14:56 [scrapy_user_agents.user_agent_picker] WARNING: [UnsupportedDeviceType] Family: Other, Brand: None, Model: None
2025-09-08 11:14:56 [scrapy_user_agents.user_agent_picker] WARNING: [UnsupportedBrowserType] Family: Applebot
2025-09-08 11:14:56 [scrapy_user_agents.user_agent_picker] WARNING: [UnsupportedBrowserType] Family: Other
2025-09-08 11:14:57 [scrapy_user_agents.user_agent_picker] WARNING: [UnsupportedBrowserType] Family: Other
2025-09-08 11:14:57 [scrapy_user_agents.user_agent_picker] WARNING: [UnsupportedBrowserType] Family: PhantomJS
2025-09-08 11:14:57 [scrapy_user_agents.user_agent_picker] WARNING: [UnsupportedBrowserType] Family: SMTBot
2025-09-08 11:14:57 [scrapy_user_agents.user_agent_picker] WARNING: [UnsupportedBrowserType] Family: PhantomJS
2025-09-08 11:14:57 [scrapy_user_agents.user_agent_picker] WARNING: [UnsupportedBrowserType] Family: PhantomJS
2025-09-08 11:14:57 [scrapy_user_agents.user_agent_picker] WARNING: [UnsupportedBrowserType] Family: WebKit Nightly
2025-09-08 11:14:57 [scrapy_user_agents.user_agent_picker] WARNING: [UnsupportedBrowserType] Family: PhantomJS
2025-09-08 11:14:57 [scrapy_user_agents.user_agent_picker] WARNING: [UnsupportedDeviceType] Family: Other, Brand: None, Model: None
2025-09-08 11:14:57 [scrapy_user_agents.user_agent_picker] WARNING: [UnsupportedBrowserType] Family: PhantomJS
2025-09-08 11:14:57 [scrapy_user_agents.user_agent_picker] WARNING: [UnsupportedBrowserType] Family: PhantomJS
2025-09-08 11:14:57 [scrapy_user_agents.user_agent_picker] WARNING: [UnsupportedBrowserType] Family: Robot
2025-09-08 11:14:57 [scrapy_user_agents.user_agent_picker] WARNING: [UnsupportedDeviceType] Family: Other, Brand: None, Model: None
2025-09-08 11:14:57 [scrapy_user_agents.user_agent_picker] WARNING: [UnsupportedBrowserType] Family: Zune
2025-09-08 11:14:57 [scrapy.middleware] WARNING: Disabled scrapy_selenium.SeleniumMiddleware: SELENIUM_DRIVER_NAME and SELENIUM_DRIVER_EXECUTABLE_PATH must be set
2025-09-08 11:14:57 [scrapy.middleware] INFO: Enabled downloader middlewares:
['scrapy.downloadermiddlewares.offsite.OffsiteMiddleware',
 'scrapy.downloadermiddlewares.httpproxy.HttpProxyMiddleware',
 'scrapy.downloadermiddlewares.httpauth.HttpAuthMiddleware',
 'scrapy.downloadermiddlewares.downloadtimeout.DownloadTimeoutMiddleware',
 'scrapy.downloadermiddlewares.defaultheaders.DefaultHeadersMiddleware',
 'scrapy_user_agents.middlewares.RandomUserAgentMiddleware',
 'scrapy.downloadermiddlewares.retry.RetryMiddleware',
 'scrapy.downloadermiddlewares.redirect.MetaRefreshMiddleware',
 'scrapy.downloadermiddlewares.httpcompression.HttpCompressionMiddleware',
 'scrapy.downloadermiddlewares.redirect.RedirectMiddleware',
 'scrapy.downloadermiddlewares.stats.DownloaderStats']
2025-09-08 11:14:57 [scrapy.middleware] INFO: Enabled spider middlewares:
['scrapy.spidermiddlewares.start.StartSpiderMiddleware',
 'scrapy.spidermiddlewares.httperror.HttpErrorMiddleware',
 'scrapy.spidermiddlewares.referer.RefererMiddleware',
 'scrapy.spidermiddlewares.urllength.UrlLengthMiddleware',
 'scrapy.spidermiddlewares.depth.DepthMiddleware']
2025-09-08 11:14:57 [scrapy.middleware] INFO: Enabled item pipelines:
[]
2025-09-08 11:14:57 [scrapy.core.engine] INFO: Spider opened
2025-09-08 11:14:57 [py.warnings] WARNING: C:\Users\Jael Alonso\Documents\expedia_sm\venv\Lib\site-packages\scrapy\core\spidermw.py:433: ScrapyDeprecationWarning: expedia_scraper.spiders.expediabee.ExpediaApiSpider defines the deprecated start_requests() method. start_requests() has been deprecated in favor of a new method, start(), to support asynchronous code execution. start_requests() will stop being called in a future version of Scrapy. If you use Scrapy 2.13 or higher only, replace start_requests() with start(); note that start() is a coroutine (async def). If you need to maintain compatibility with lower Scrapy versions, when overriding start_requests() in a spider class, override start() as well; you can use super() to reuse the inherited start() implementation without copy-pasting. See the release notes of Scrapy 2.13 for details: https://docs.scrapy.org/en/2.13/news.html
  warn(

2025-09-08 11:14:57 [scrapy.extensions.logstats] INFO: Crawled 0 pages (at 0 pages/min), scraped 0 items (at 0 items/min)
2025-09-08 11:14:57 [scrapy.extensions.telnet] INFO: Telnet console listening on 127.0.0.1:6023
2025-09-08 11:14:57 [urllib3.connectionpool] DEBUG: Starting new HTTPS connection (1): app.scrapingbee.com:443
2025-09-08 11:15:11 [urllib3.connectionpool] DEBUG: https://app.scrapingbee.com:443 "GET /api/v1/?api_key=EK0XY3V9C7ZGN8B9FAL61GCC6HI3J7BCBUEH3410CRWSKATGEQICE3LZKITMCBTHF081EHL72PZUPTC7&url=https%3A%2F%2Fwww.expedia.com%2FHotel-Search%3Fdestination%3DOaxaca%252C%2BOaxaca%252C%2BMexico%26startDate%3D2025-09-09%26endDate%3D2025-09-10%26adults%3D1%26rooms%3D1%26sort%3DRECOMMENDED&wait=3000&block_resources=false&premium_proxy=true&country_code=us&return_page_source=true HTTP/1.1" 500 310579
2025-09-08 11:15:12 [expedia_api] ERROR: Error de ScrapingBee: 500
2025-09-08 11:15:12 [scrapy.core.engine] INFO: Closing spider (finished)
2025-09-08 11:15:12 [scrapy.extensions.feedexport] INFO: Stored json feed (0 items) in: resultados.json
2025-09-08 11:15:12 [scrapy.statscollectors] INFO: Dumping Scrapy stats:
{'elapsed_time_seconds': 14.956456,
 'feedexport/success_count/FileFeedStorage': 1,
 'finish_reason': 'finished',
 'finish_time': datetime.datetime(2025, 9, 8, 17, 15, 12, 531491, tzinfo=datetime.timezone.utc),
 'items_per_minute': 0.0,
 'log_count/DEBUG': 5,
 'log_count/ERROR': 1,
 'log_count/INFO': 11,
 'log_count/WARNING': 48,
 'responses_per_minute': 0.0,
 'start_time': datetime.datetime(2025, 9, 8, 17, 14, 57, 575035, tzinfo=datetime.timezone.utc)}
2025-09-08 11:15:12 [scrapy.core.engine] INFO: Spider closed (finished)
